[2025-07-25 13:20:16.022] [merchant] [info] Glorious Merchant version 1.1.14
[2025-07-25 13:20:16.022] [merchant] [info] Loading config from C:\Users\ADMIN\Documents\EldenRings\ER_babeng\ER-Mods\Mods-1\dll\ermerchant.ini
[2025-07-25 13:20:16.028] [merchant] [info] auto_upgrade_weapons = true
[2025-07-25 13:20:16.028] [merchant] [info] Found handle for eldenring.exe process: c:\program files (x86)\steam\steamapps\common\ELDEN RING\Game\eldenring.exe
[2025-07-25 13:20:16.029] [merchant] [info] Waiting for params...
[2025-07-25 13:20:16.165] [merchant] [info] Deinitialized mod
[2025-07-25 13:20:44.730] [merchant] [info] Glorious Merchant version 1.1.14
[2025-07-25 13:20:44.730] [merchant] [info] Loading config from C:\Users\ADMIN\Documents\EldenRings\ER_babeng\ER-Mods\Mods-1\dll\ermerchant.ini
[2025-07-25 13:20:44.730] [merchant] [info] auto_upgrade_weapons = true
[2025-07-25 13:20:44.730] [merchant] [info] Found handle for eldenring.exe process: c:\program files (x86)\steam\steamapps\common\ELDEN RING\Game\eldenring.exe
[2025-07-25 13:20:44.731] [merchant] [info] Waiting for params...
[2025-07-25 13:20:44.819] [merchant] [info] Deinitialized mod
[2025-07-25 13:21:10.091] [merchant] [info] Glorious Merchant version 1.1.14
[2025-07-25 13:21:10.091] [merchant] [info] Loading config from C:\Users\ADMIN\Documents\EldenRings\ER_babeng\ER-Mods\Mods-1\dll\ermerchant.ini
[2025-07-25 13:21:10.091] [merchant] [info] auto_upgrade_weapons = true
[2025-07-25 13:21:10.091] [merchant] [info] Found handle for eldenring.exe process: c:\program files (x86)\steam\steamapps\common\ELDEN RING\Game\eldenring.exe
[2025-07-25 13:21:10.093] [merchant] [info] Waiting for params...
[2025-07-25 13:21:24.127] [merchant] [info] Sleeping an extra 10s to work potential compatibility issues...
[2025-07-25 13:21:34.127] [merchant] [info] Hooking messages...
[2025-07-25 13:21:34.127] [merchant] [info] Detected language "english"
[2025-07-25 13:21:34.129] [merchant] [info] Hooking shops...
[2025-07-25 13:21:34.134] [merchant] [info] Hooking talkscripts...
[2025-07-25 13:21:34.175] [merchant] [info] Initialized mod
[2025-07-25 13:24:11.034] [merchant] [info] Glorious Merchant version 1.1.14
[2025-07-25 13:24:11.034] [merchant] [info] Loading config from C:\Users\ADMIN\Documents\EldenRings\ER_babeng\ER-Mods\Mods-1\dll\ermerchant.ini
[2025-07-25 13:24:11.034] [merchant] [info] auto_upgrade_weapons = true
[2025-07-25 13:24:11.034] [merchant] [info] Found handle for eldenring.exe process: c:\program files (x86)\steam\steamapps\common\ELDEN RING\Game\eldenring.exe
[2025-07-25 13:24:11.036] [merchant] [info] Waiting for params...
[2025-07-25 13:24:22.049] [merchant] [info] Sleeping an extra 10s to work potential compatibility issues...
[2025-07-25 13:24:32.049] [merchant] [info] Hooking messages...
[2025-07-25 13:24:32.049] [merchant] [info] Detected language "english"
[2025-07-25 13:24:32.051] [merchant] [info] Hooking shops...
[2025-07-25 13:24:32.055] [merchant] [info] Hooking talkscripts...
[2025-07-25 13:24:32.105] [merchant] [info] Initialized mod
[2025-07-25 13:28:12.245] [merchant] [info] Glorious Merchant version 1.1.14
[2025-07-25 13:28:12.245] [merchant] [info] Loading config from C:\Users\ADMIN\Documents\EldenRings\ER_babeng\ER-Mods\Mods-1\dll\ermerchant.ini
[2025-07-25 13:28:12.245] [merchant] [info] auto_upgrade_weapons = true
[2025-07-25 13:28:12.246] [merchant] [info] Found handle for eldenring.exe process: c:\program files (x86)\steam\steamapps\common\ELDEN RING\Game\eldenring.exe
[2025-07-25 13:28:12.247] [merchant] [info] Waiting for params...
[2025-07-25 13:28:24.279] [merchant] [info] Sleeping an extra 10s to work potential compatibility issues...
[2025-07-25 13:28:34.279] [merchant] [info] Hooking messages...
[2025-07-25 13:28:34.280] [merchant] [info] Detected language "english"
[2025-07-25 13:28:34.282] [merchant] [info] Hooking shops...
[2025-07-25 13:28:34.288] [merchant] [info] Hooking talkscripts...
[2025-07-25 13:28:34.349] [merchant] [info] Initialized mod
[2025-07-25 13:31:33.131] [merchant] [info] Glorious Merchant version 1.1.14
[2025-07-25 13:31:33.131] [merchant] [info] Loading config from C:\Users\ADMIN\Documents\EldenRings\ER_babeng\ER-Mods\Mods-1\dll\ermerchant.ini
[2025-07-25 13:31:33.131] [merchant] [info] auto_upgrade_weapons = true
[2025-07-25 13:31:33.131] [merchant] [info] Found handle for eldenring.exe process: c:\program files (x86)\steam\steamapps\common\ELDEN RING\Game\eldenring.exe
[2025-07-25 13:31:33.132] [merchant] [info] Waiting for params...
[2025-07-25 13:31:44.150] [merchant] [info] Sleeping an extra 10s to work potential compatibility issues...
[2025-07-25 13:31:54.150] [merchant] [info] Hooking messages...
[2025-07-25 13:31:54.150] [merchant] [info] Detected language "english"
[2025-07-25 13:31:54.152] [merchant] [info] Hooking shops...
[2025-07-25 13:31:54.155] [merchant] [info] Hooking talkscripts...
[2025-07-25 13:31:54.204] [merchant] [info] Initialized mod
[2025-07-25 13:50:05.538] [merchant] [info] Glorious Merchant version 1.1.14
[2025-07-25 13:50:05.538] [merchant] [info] Loading config from C:\Users\ADMIN\Documents\EldenRings\ER_babeng\ER-Mods\Mods-1\dll\ermerchant.ini
[2025-07-25 13:50:05.538] [merchant] [info] auto_upgrade_weapons = true
[2025-07-25 13:50:05.538] [merchant] [info] Found handle for eldenring.exe process: c:\program files (x86)\steam\steamapps\common\ELDEN RING\Game\eldenring.exe
[2025-07-25 13:50:05.539] [merchant] [info] Waiting for params...
[2025-07-25 13:50:17.549] [merchant] [info] Sleeping an extra 10s to work potential compatibility issues...
[2025-07-25 13:50:27.550] [merchant] [info] Hooking messages...
[2025-07-25 13:50:27.550] [merchant] [info] Detected language "english"
[2025-07-25 13:50:27.551] [merchant] [info] Hooking shops...
[2025-07-25 13:50:27.556] [merchant] [info] Hooking talkscripts...
[2025-07-25 13:50:27.610] [merchant] [info] Initialized mod
[2025-07-25 15:25:40.095] [merchant] [info] Glorious Merchant version 1.1.14
[2025-07-25 15:25:40.095] [merchant] [info] Loading config from C:\Users\ADMIN\Documents\EldenRings\ER_babeng\ER-Mods\Mods-1\dll\ermerchant.ini
[2025-07-25 15:25:40.095] [merchant] [info] auto_upgrade_weapons = true
[2025-07-25 15:25:40.096] [merchant] [info] Found handle for eldenring.exe process: c:\program files (x86)\steam\steamapps\common\ELDEN RING\Game\eldenring.exe
[2025-07-25 15:25:40.097] [merchant] [info] Waiting for params...
[2025-07-25 15:25:53.121] [merchant] [info] Sleeping an extra 10s to work potential compatibility issues...
[2025-07-25 15:26:03.121] [merchant] [info] Hooking messages...
[2025-07-25 15:26:03.122] [merchant] [info] Detected language "english"
[2025-07-25 15:26:03.123] [merchant] [info] Hooking shops...
[2025-07-25 15:26:03.127] [merchant] [info] Hooking talkscripts...
[2025-07-25 15:26:03.180] [merchant] [info] Initialized mod
[2025-07-25 15:28:34.080] [merchant] [info] Patching state group x51
[2025-07-25 15:35:55.068] [merchant] [info] Glorious Merchant version 1.1.14
[2025-07-25 15:35:55.068] [merchant] [info] Loading config from C:\Users\ADMIN\Documents\EldenRings\ER_babeng\ER-Mods\Mods-1\dll\ermerchant.ini
[2025-07-25 15:35:55.068] [merchant] [info] auto_upgrade_weapons = true
[2025-07-25 15:35:55.068] [merchant] [info] Found handle for eldenring.exe process: c:\program files (x86)\steam\steamapps\common\ELDEN RING\Game\eldenring.exe
[2025-07-25 15:35:55.069] [merchant] [info] Waiting for params...
[2025-07-25 15:36:07.080] [merchant] [info] Sleeping an extra 10s to work potential compatibility issues...
[2025-07-25 15:36:17.081] [merchant] [info] Hooking messages...
[2025-07-25 15:36:17.081] [merchant] [info] Detected language "english"
[2025-07-25 15:36:30.324] [merchant] [info] Deinitialized mod
[2025-07-25 15:36:44.873] [merchant] [info] Glorious Merchant version 1.1.14
[2025-07-25 15:36:44.873] [merchant] [info] Loading config from C:\Users\ADMIN\Documents\EldenRings\ER_babeng\ER-Mods\Mods-1\dll\ermerchant.ini
[2025-07-25 15:36:44.874] [merchant] [info] auto_upgrade_weapons = true
[2025-07-25 15:36:44.874] [merchant] [info] Found handle for eldenring.exe process: c:\program files (x86)\steam\steamapps\common\ELDEN RING\Game\eldenring.exe
[2025-07-25 15:36:44.875] [merchant] [info] Waiting for params...
[2025-07-25 15:36:55.893] [merchant] [info] Sleeping an extra 10s to work potential compatibility issues...
[2025-07-25 15:37:05.893] [merchant] [info] Hooking messages...
[2025-07-25 15:37:05.894] [merchant] [info] Detected language "english"
[2025-07-25 15:37:05.895] [merchant] [info] Hooking shops...
[2025-07-25 15:37:05.899] [merchant] [info] Hooking talkscripts...
[2025-07-25 15:37:05.949] [merchant] [info] Initialized mod
[2025-07-25 15:39:00.536] [merchant] [info] Deinitialized mod
[2025-07-25 15:39:27.255] [merchant] [info] Glorious Merchant version 1.1.14
[2025-07-25 15:39:27.255] [merchant] [info] Loading config from C:\Users\ADMIN\Documents\EldenRings\ER_babeng\ER-Mods\Mods-1\dll\ermerchant.ini
[2025-07-25 15:39:27.255] [merchant] [info] auto_upgrade_weapons = true
[2025-07-25 15:39:27.256] [merchant] [info] Found handle for eldenring.exe process: c:\program files (x86)\steam\steamapps\common\ELDEN RING\Game\eldenring.exe
[2025-07-25 15:39:27.258] [merchant] [info] Waiting for params...
[2025-07-25 15:39:39.265] [merchant] [info] Sleeping an extra 10s to work potential compatibility issues...
[2025-07-25 15:39:49.267] [merchant] [info] Hooking messages...
[2025-07-25 15:39:49.267] [merchant] [info] Detected language "english"
[2025-07-25 15:39:49.269] [merchant] [info] Hooking shops...
[2025-07-25 15:39:49.273] [merchant] [info] Hooking talkscripts...
[2025-07-25 15:39:49.321] [merchant] [info] Initialized mod
[2025-07-25 15:48:34.483] [merchant] [info] Glorious Merchant version 1.1.14
[2025-07-25 15:48:34.483] [merchant] [info] Loading config from C:\Users\ADMIN\Documents\EldenRings\ER_babeng\ER-Mods\Mods-1\dll\ermerchant.ini
[2025-07-25 15:48:34.483] [merchant] [info] auto_upgrade_weapons = true
[2025-07-25 15:48:34.484] [merchant] [info] Found handle for eldenring.exe process: c:\program files (x86)\steam\steamapps\common\ELDEN RING\Game\eldenring.exe
[2025-07-25 15:48:34.485] [merchant] [info] Waiting for params...
[2025-07-25 15:48:46.518] [merchant] [info] Sleeping an extra 10s to work potential compatibility issues...
[2025-07-25 15:48:56.518] [merchant] [info] Hooking messages...
[2025-07-25 15:48:56.519] [merchant] [info] Detected language "english"
[2025-07-25 15:48:56.520] [merchant] [info] Hooking shops...
[2025-07-25 15:48:56.524] [merchant] [info] Hooking talkscripts...
[2025-07-25 15:48:56.579] [merchant] [info] Initialized mod
[2025-07-25 16:00:33.574] [merchant] [info] Deinitialized mod
[2025-07-25 16:00:54.591] [merchant] [info] Glorious Merchant version 1.1.14
[2025-07-25 16:00:54.591] [merchant] [info] Loading config from C:\Users\ADMIN\Documents\EldenRings\ER_babeng\ER-Mods\Mods-1\dll\ermerchant.ini
[2025-07-25 16:00:54.592] [merchant] [info] auto_upgrade_weapons = true
[2025-07-25 16:00:54.592] [merchant] [info] Found handle for eldenring.exe process: c:\program files (x86)\steam\steamapps\common\ELDEN RING\Game\eldenring.exe
[2025-07-25 16:00:54.593] [merchant] [info] Waiting for params...
[2025-07-25 16:01:06.618] [merchant] [info] Sleeping an extra 10s to work potential compatibility issues...
[2025-07-25 16:01:16.620] [merchant] [info] Hooking messages...
[2025-07-25 16:01:16.620] [merchant] [info] Detected language "english"
[2025-07-25 16:01:16.623] [merchant] [info] Hooking shops...
[2025-07-25 16:01:16.623] [merchant] [error] Param ItemLotParam_map not found
[2025-07-25 16:01:16.624] [merchant] [error] Error initializing mod: Param not found
[2025-07-25 16:02:36.061] [merchant] [info] Glorious Merchant version 1.1.14
[2025-07-25 16:02:36.061] [merchant] [info] Loading config from C:\Users\ADMIN\Documents\EldenRings\ER_babeng\ER-Mods\Mods-1\dll\ermerchant.ini
[2025-07-25 16:02:36.061] [merchant] [info] auto_upgrade_weapons = true
[2025-07-25 16:02:36.062] [merchant] [info] Found handle for eldenring.exe process: c:\program files (x86)\steam\steamapps\common\ELDEN RING\Game\eldenring.exe
[2025-07-25 16:02:36.063] [merchant] [info] Waiting for params...
[2025-07-25 16:02:47.082] [merchant] [info] Sleeping an extra 10s to work potential compatibility issues...
[2025-07-25 16:02:57.083] [merchant] [info] Hooking messages...
[2025-07-25 16:02:57.083] [merchant] [info] Detected language "english"
[2025-07-25 16:02:57.085] [merchant] [info] Hooking shops...
[2025-07-25 16:02:57.090] [merchant] [info] Hooking talkscripts...
[2025-07-25 16:02:57.144] [merchant] [info] Initialized mod
[2025-07-25 16:03:27.995] [merchant] [info] Deinitialized mod
[2025-07-25 16:05:20.081] [merchant] [info] Glorious Merchant version 1.1.14
[2025-07-25 16:05:20.081] [merchant] [info] Loading config from C:\Users\ADMIN\Documents\EldenRings\ER_babeng\ER-Mods\Mods-1\dll\ermerchant.ini
[2025-07-25 16:05:20.081] [merchant] [info] auto_upgrade_weapons = true
[2025-07-25 16:05:20.082] [merchant] [info] Found handle for eldenring.exe process: c:\program files (x86)\steam\steamapps\common\ELDEN RING\Game\eldenring.exe
[2025-07-25 16:05:20.083] [merchant] [info] Waiting for params...
[2025-07-25 16:05:31.102] [merchant] [info] Sleeping an extra 10s to work potential compatibility issues...
[2025-07-25 16:05:41.103] [merchant] [info] Hooking messages...
[2025-07-25 16:05:41.103] [merchant] [info] Detected language "english"
[2025-07-25 16:05:41.104] [merchant] [info] Hooking shops...
[2025-07-25 16:05:41.108] [merchant] [info] Hooking talkscripts...
[2025-07-25 16:05:41.160] [merchant] [info] Initialized mod
[2025-07-25 16:07:13.150] [merchant] [info] Patching state group x51
[2025-07-25 16:12:53.105] [merchant] [info] Deinitialized mod
[2025-07-25 16:38:35.112] [merchant] [info] Glorious Merchant version 1.1.14
[2025-07-25 16:38:35.112] [merchant] [info] Loading config from C:\Users\ADMIN\Documents\EldenRings\ER_babeng\ER-Mods\Mods-1\dll\ermerchant.ini
[2025-07-25 16:38:35.112] [merchant] [info] auto_upgrade_weapons = true
[2025-07-25 16:38:35.112] [merchant] [info] Found handle for eldenring.exe process: c:\program files (x86)\steam\steamapps\common\ELDEN RING\Game\eldenring.exe
[2025-07-25 16:38:35.113] [merchant] [info] Waiting for params...
[2025-07-25 16:38:46.125] [merchant] [info] Sleeping an extra 10s to work potential compatibility issues...
[2025-07-25 16:38:56.125] [merchant] [info] Hooking messages...
[2025-07-25 16:38:56.126] [merchant] [info] Detected language "english"
[2025-07-25 16:38:56.127] [merchant] [info] Hooking shops...
[2025-07-25 16:38:56.131] [merchant] [info] Hooking talkscripts...
[2025-07-25 16:38:56.174] [merchant] [info] Initialized mod
[2025-07-25 16:45:37.419] [merchant] [info] Patching state group x51
